2025-02-06 17:05:35 [http-nio-8082-exec-1] TRACE c.d.poc_logging.rest.LoggingRest - [PURCHASE] Nouvel achat - Produit: SGGS, Utilisateur: SSS
2025-02-06 17:05:46 [http-nio-8082-exec-2] TRACE c.d.poc_logging.rest.LoggingRest - [PURCHASE] Nouvel achat - Produit: SGGS, Utilisateur: SSS
2025-02-06 17:19:20 [http-nio-8082-exec-1] TRACE c.d.poc_logging.rest.LoggingRest - [PURCHASE] Nouvel achat - Produit: Car, Utilisateur: John
2025-02-06 17:20:03 [http-nio-8082-exec-2] TRACE c.d.poc_logging.rest.LoggingRest - [PURCHASE] Nouvel achat - Produit: Car, Utilisateur: John
2025-02-06 17:32:21 [http-nio-8082-exec-1] TRACE c.d.poc_logging.rest.LoggingRest - [PURCHASE] Nouvel achat - Produit: Car, Utilisateur: John
2025-02-06 17:32:32 [http-nio-8082-exec-2] TRACE c.d.poc_logging.rest.LoggingRest - [PURCHASE] Nouvel achat - Produit: Car, Utilisateur: John
2025-02-06 20:36:30 [http-nio-8082-exec-1] TRACE c.d.poc_logging.rest.LoggingRest - [PURCHASE] Nouvel achat - Produit: Car, Utilisateur: John
2025-02-06 20:40:26 [http-nio-8082-exec-1] TRACE c.d.poc_logging.rest.LoggingRest - [PURCHASE] Nouvel achat - Produit: Car, Utilisateur: John
2025-02-06 20:42:18 [http-nio-8082-exec-3] TRACE c.d.poc_logging.rest.LoggingRest - [PURCHASE] Nouvel achat - Produit: Car, Utilisateur: John
2025-02-06 20:51:20 [http-nio-8082-exec-1] TRACE c.d.poc_logging.rest.LoggingRest - [PURCHASE] Nouvel achat - Produit: Car, Utilisateur: John
2025-02-06 20:56:14 [http-nio-8082-exec-1] TRACE c.d.poc_logging.rest.LoggingRest - [PURCHASE] Nouvel achat - Produit: Car, Utilisateur: John
2025-02-06 20:59:42 - 6fedab3e-5193-4420-a494-cdf495e6353c [http-nio-8082-exec-1] TRACE c.d.poc_logging.rest.LoggingRest - [PURCHASE] Nouvel achat - Produit: Car, Utilisateur: John
2025-02-06 21:02:40 [http-nio-8082-exec-1] TRACE c.d.poc_logging.rest.LoggingRest - d3da13aa-7b07-4f36-b59e-0d2e126c4544  - [PURCHASE] Nouvel achat - Produit: Car, Utilisateur: John
2025-02-06 21:17:42 [http-nio-8082-exec-3] TRACE c.d.poc_logging.rest.LoggingRest - 5e19907b-53ec-484f-a502-51f0810a2fc3  - [PURCHASE] Nouvel achat - Produit: Car, Utilisateur: John
2025-02-06 21:20:59 [main] INFO  c.d.p.PocLoggingApplication -      - [PURCHASE] Starting PocLoggingApplication using Java 21.0.5 with PID 91496 (/Users/devalgas/Documents/projets/poc/poc-logging/target/classes started by devalgas in /Users/devalgas/Documents/projets/poc/poc-logging)
2025-02-06 21:20:59 [main] INFO  c.d.p.PocLoggingApplication -      - [PURCHASE] No active profile set, falling back to 1 default profile: "default"
2025-02-06 21:20:59 [main] INFO  o.s.d.r.c.RepositoryConfigurationDelegate -      - [PURCHASE] Bootstrapping Spring Data JPA repositories in DEFAULT mode.
2025-02-06 21:20:59 [main] INFO  o.s.d.r.c.RepositoryConfigurationDelegate -      - [PURCHASE] Finished Spring Data repository scanning in 7 ms. Found 0 JPA repository interfaces.
2025-02-06 21:20:59 [main] INFO  o.s.b.w.e.tomcat.TomcatWebServer -      - [PURCHASE] Tomcat initialized with port 8082 (http)
2025-02-06 21:20:59 [main] INFO  o.a.coyote.http11.Http11NioProtocol -      - [PURCHASE] Initializing ProtocolHandler ["http-nio-8082"]
2025-02-06 21:20:59 [main] INFO  o.a.catalina.core.StandardService -      - [PURCHASE] Starting service [Tomcat]
2025-02-06 21:20:59 [main] INFO  o.a.catalina.core.StandardEngine -      - [PURCHASE] Starting Servlet engine: [Apache Tomcat/10.1.34]
2025-02-06 21:20:59 [main] INFO  o.a.c.c.C.[Tomcat].[localhost].[/] -      - [PURCHASE] Initializing Spring embedded WebApplicationContext
2025-02-06 21:20:59 [main] INFO  o.s.b.w.s.c.ServletWebServerApplicationContext -      - [PURCHASE] Root WebApplicationContext: initialization completed in 508 ms
2025-02-06 21:20:59 [main] INFO  o.h.jpa.internal.util.LogHelper -      - [PURCHASE] HHH000204: Processing PersistenceUnitInfo [name: default]
2025-02-06 21:21:00 [main] INFO  org.hibernate.Version -      - [PURCHASE] HHH000412: Hibernate ORM core version 6.6.5.Final
2025-02-06 21:21:00 [main] INFO  o.h.c.i.RegionFactoryInitiator -      - [PURCHASE] HHH000026: Second-level cache disabled
2025-02-06 21:21:00 [main] INFO  o.s.o.j.p.SpringPersistenceUnitInfo -      - [PURCHASE] No LoadTimeWeaver setup: ignoring JPA class transformer
2025-02-06 21:21:00 [main] INFO  com.zaxxer.hikari.HikariDataSource -      - [PURCHASE] HikariPool-1 - Starting...
2025-02-06 21:21:01 [main] WARN  o.h.e.jdbc.spi.SqlExceptionHelper -      - [PURCHASE] SQL Error: 0, SQLState: 3D000
2025-02-06 21:21:01 [main] ERROR o.h.e.jdbc.spi.SqlExceptionHelper -      - [PURCHASE] FATAL: database "demo" does not exist
2025-02-06 21:21:01 [main] WARN  o.h.e.j.e.i.JdbcEnvironmentInitiator -      - [PURCHASE] HHH000342: Could not obtain connection to query metadata
org.hibernate.exception.GenericJDBCException: unable to obtain isolated JDBC connection [FATAL: database "demo" does not exist] [n/a]
	at org.hibernate.exception.internal.StandardSQLExceptionConverter.convert(StandardSQLExceptionConverter.java:63)
	at org.hibernate.engine.jdbc.spi.SqlExceptionHelper.convert(SqlExceptionHelper.java:108)
	at org.hibernate.engine.jdbc.spi.SqlExceptionHelper.convert(SqlExceptionHelper.java:94)
	at org.hibernate.resource.transaction.backend.jdbc.internal.JdbcIsolationDelegate.delegateWork(JdbcIsolationDelegate.java:116)
	at org.hibernate.engine.jdbc.env.internal.JdbcEnvironmentInitiator.getJdbcEnvironmentUsingJdbcMetadata(JdbcEnvironmentInitiator.java:320)
	at org.hibernate.engine.jdbc.env.internal.JdbcEnvironmentInitiator.initiateService(JdbcEnvironmentInitiator.java:129)
	at org.hibernate.engine.jdbc.env.internal.JdbcEnvironmentInitiator.initiateService(JdbcEnvironmentInitiator.java:81)
	at org.hibernate.boot.registry.internal.StandardServiceRegistryImpl.initiateService(StandardServiceRegistryImpl.java:130)
	at org.hibernate.service.internal.AbstractServiceRegistryImpl.createService(AbstractServiceRegistryImpl.java:263)
	at org.hibernate.service.internal.AbstractServiceRegistryImpl.initializeService(AbstractServiceRegistryImpl.java:238)
	at org.hibernate.service.internal.AbstractServiceRegistryImpl.getService(AbstractServiceRegistryImpl.java:215)
	at org.hibernate.boot.model.relational.Database.<init>(Database.java:45)
	at org.hibernate.boot.internal.InFlightMetadataCollectorImpl.getDatabase(InFlightMetadataCollectorImpl.java:226)
	at org.hibernate.boot.internal.InFlightMetadataCollectorImpl.<init>(InFlightMetadataCollectorImpl.java:194)
	at org.hibernate.boot.model.process.spi.MetadataBuildingProcess.complete(MetadataBuildingProcess.java:171)
	at org.hibernate.jpa.boot.internal.EntityManagerFactoryBuilderImpl.metadata(EntityManagerFactoryBuilderImpl.java:1431)
	at org.hibernate.jpa.boot.internal.EntityManagerFactoryBuilderImpl.build(EntityManagerFactoryBuilderImpl.java:1502)
	at org.springframework.orm.jpa.vendor.SpringHibernateJpaPersistenceProvider.createContainerEntityManagerFactory(SpringHibernateJpaPersistenceProvider.java:66)
	at org.springframework.orm.jpa.LocalContainerEntityManagerFactoryBean.createNativeEntityManagerFactory(LocalContainerEntityManagerFactoryBean.java:390)
	at org.springframework.orm.jpa.AbstractEntityManagerFactoryBean.buildNativeEntityManagerFactory(AbstractEntityManagerFactoryBean.java:419)
	at org.springframework.orm.jpa.AbstractEntityManagerFactoryBean.afterPropertiesSet(AbstractEntityManagerFactoryBean.java:400)
	at org.springframework.orm.jpa.LocalContainerEntityManagerFactoryBean.afterPropertiesSet(LocalContainerEntityManagerFactoryBean.java:366)
	at org.springframework.beans.factory.support.AbstractAutowireCapableBeanFactory.invokeInitMethods(AbstractAutowireCapableBeanFactory.java:1859)
	at org.springframework.beans.factory.support.AbstractAutowireCapableBeanFactory.initializeBean(AbstractAutowireCapableBeanFactory.java:1808)
	at org.springframework.beans.factory.support.AbstractAutowireCapableBeanFactory.doCreateBean(AbstractAutowireCapableBeanFactory.java:601)
	at org.springframework.beans.factory.support.AbstractAutowireCapableBeanFactory.createBean(AbstractAutowireCapableBeanFactory.java:523)
	at org.springframework.beans.factory.support.AbstractBeanFactory.lambda$doGetBean$0(AbstractBeanFactory.java:336)
	at org.springframework.beans.factory.support.DefaultSingletonBeanRegistry.getSingleton(DefaultSingletonBeanRegistry.java:307)
	at org.springframework.beans.factory.support.AbstractBeanFactory.doGetBean(AbstractBeanFactory.java:334)
	at org.springframework.beans.factory.support.AbstractBeanFactory.getBean(AbstractBeanFactory.java:204)
	at org.springframework.context.support.AbstractApplicationContext.finishBeanFactoryInitialization(AbstractApplicationContext.java:970)
	at org.springframework.context.support.AbstractApplicationContext.refresh(AbstractApplicationContext.java:627)
	at org.springframework.boot.web.servlet.context.ServletWebServerApplicationContext.refresh(ServletWebServerApplicationContext.java:146)
	at org.springframework.boot.SpringApplication.refresh(SpringApplication.java:752)
	at org.springframework.boot.SpringApplication.refreshContext(SpringApplication.java:439)
	at org.springframework.boot.SpringApplication.run(SpringApplication.java:318)
	at org.springframework.boot.SpringApplication.run(SpringApplication.java:1361)
	at org.springframework.boot.SpringApplication.run(SpringApplication.java:1350)
	at com.devalgas.poc_logging.PocLoggingApplication.main(PocLoggingApplication.java:10)
Caused by: org.postgresql.util.PSQLException: FATAL: database "demo" does not exist
	at org.postgresql.core.v3.QueryExecutorImpl.receiveErrorResponse(QueryExecutorImpl.java:2733)
	at org.postgresql.core.v3.QueryExecutorImpl.readStartupMessages(QueryExecutorImpl.java:2845)
	at org.postgresql.core.v3.QueryExecutorImpl.<init>(QueryExecutorImpl.java:176)
	at org.postgresql.core.v3.ConnectionFactoryImpl.openConnectionImpl(ConnectionFactoryImpl.java:323)
	at org.postgresql.core.ConnectionFactory.openConnection(ConnectionFactory.java:54)
	at org.postgresql.jdbc.PgConnection.<init>(PgConnection.java:273)
	at org.postgresql.Driver.makeConnection(Driver.java:446)
	at org.postgresql.Driver.connect(Driver.java:298)
	at com.zaxxer.hikari.util.DriverDataSource.getConnection(DriverDataSource.java:137)
	at com.zaxxer.hikari.pool.PoolBase.newConnection(PoolBase.java:360)
	at com.zaxxer.hikari.pool.PoolBase.newPoolEntry(PoolBase.java:202)
	at com.zaxxer.hikari.pool.HikariPool.createPoolEntry(HikariPool.java:461)
	at com.zaxxer.hikari.pool.HikariPool.checkFailFast(HikariPool.java:550)
	at com.zaxxer.hikari.pool.HikariPool.<init>(HikariPool.java:98)
	at com.zaxxer.hikari.HikariDataSource.getConnection(HikariDataSource.java:111)
	at org.hibernate.engine.jdbc.connections.internal.DatasourceConnectionProviderImpl.getConnection(DatasourceConnectionProviderImpl.java:126)
	at org.hibernate.engine.jdbc.env.internal.JdbcEnvironmentInitiator$ConnectionProviderJdbcConnectionAccess.obtainConnection(JdbcEnvironmentInitiator.java:467)
	at org.hibernate.resource.transaction.backend.jdbc.internal.JdbcIsolationDelegate.delegateWork(JdbcIsolationDelegate.java:61)
	... 35 common frames omitted
2025-02-06 21:21:01 [main] WARN  org.hibernate.orm.deprecation -      - [PURCHASE] HHH90000025: PostgreSQLDialect does not need to be specified explicitly using 'hibernate.dialect' (remove the property setting and it will be selected by default)
2025-02-06 21:21:01 [main] INFO  o.hibernate.orm.connections.pooling -      - [PURCHASE] HHH10001005: Database info:
	Database JDBC URL [Connecting through datasource 'HikariDataSource (null)']
	Database driver: undefined/unknown
	Database version: 12.0
	Autocommit mode: undefined/unknown
	Isolation level: undefined/unknown
	Minimum pool size: undefined/unknown
	Maximum pool size: undefined/unknown
2025-02-06 21:21:01 [main] INFO  o.h.e.t.j.p.i.JtaPlatformInitiator -      - [PURCHASE] HHH000489: No JTA platform available (set 'hibernate.transaction.jta.platform' to enable JTA platform integration)
2025-02-06 21:21:01 [main] INFO  o.s.o.j.LocalContainerEntityManagerFactoryBean -      - [PURCHASE] Initialized JPA EntityManagerFactory for persistence unit 'default'
2025-02-06 21:21:01 [main] WARN  o.s.b.a.o.j.JpaBaseConfiguration$JpaWebConfiguration -      - [PURCHASE] spring.jpa.open-in-view is enabled by default. Therefore, database queries may be performed during view rendering. Explicitly configure spring.jpa.open-in-view to disable this warning
2025-02-06 21:21:01 [main] INFO  org.quartz.impl.StdSchedulerFactory -      - [PURCHASE] Using default implementation for ThreadExecutor
2025-02-06 21:21:01 [main] INFO  o.quartz.core.SchedulerSignalerImpl -      - [PURCHASE] Initialized Scheduler Signaller of type: class org.quartz.core.SchedulerSignalerImpl
2025-02-06 21:21:01 [main] INFO  org.quartz.core.QuartzScheduler -      - [PURCHASE] Quartz Scheduler v.2.3.2 created.
2025-02-06 21:21:01 [main] INFO  org.quartz.simpl.RAMJobStore -      - [PURCHASE] RAMJobStore initialized.
2025-02-06 21:21:01 [main] INFO  org.quartz.core.QuartzScheduler -      - [PURCHASE] Scheduler meta-data: Quartz Scheduler (v2.3.2) 'quartzScheduler' with instanceId 'NON_CLUSTERED'
  Scheduler class: 'org.quartz.core.QuartzScheduler' - running locally.
  NOT STARTED.
  Currently in standby mode.
  Number of jobs executed: 0
  Using thread pool 'org.quartz.simpl.SimpleThreadPool' - with 10 threads.
  Using job-store 'org.quartz.simpl.RAMJobStore' - which does not support persistence. and is not clustered.

2025-02-06 21:21:01 [main] INFO  org.quartz.impl.StdSchedulerFactory -      - [PURCHASE] Quartz scheduler 'quartzScheduler' initialized from an externally provided properties instance.
2025-02-06 21:21:01 [main] INFO  org.quartz.impl.StdSchedulerFactory -      - [PURCHASE] Quartz scheduler version: 2.3.2
2025-02-06 21:21:01 [main] INFO  org.quartz.core.QuartzScheduler -      - [PURCHASE] JobFactory set to: org.springframework.scheduling.quartz.SpringBeanJobFactory@1dba3c62
2025-02-06 21:21:01 [main] INFO  o.a.coyote.http11.Http11NioProtocol -      - [PURCHASE] Starting ProtocolHandler ["http-nio-8082"]
2025-02-06 21:21:01 [main] INFO  o.s.b.w.e.tomcat.TomcatWebServer -      - [PURCHASE] Tomcat started on port 8082 (http) with context path '/'
2025-02-06 21:21:01 [main] INFO  o.s.s.quartz.SchedulerFactoryBean -      - [PURCHASE] Starting Quartz Scheduler now
2025-02-06 21:21:01 [main] INFO  org.quartz.core.QuartzScheduler -      - [PURCHASE] Scheduler quartzScheduler_$_NON_CLUSTERED started.
2025-02-06 21:21:01 [main] INFO  c.d.p.PocLoggingApplication -      - [PURCHASE] Started PocLoggingApplication in 2.436 seconds (process running for 3.297)
2025-02-06 21:21:08 [http-nio-8082-exec-1] INFO  o.a.c.c.C.[Tomcat].[localhost].[/] -      - [PURCHASE] Initializing Spring DispatcherServlet 'dispatcherServlet'
2025-02-06 21:21:08 [http-nio-8082-exec-1] INFO  o.s.web.servlet.DispatcherServlet -      - [PURCHASE] Initializing Servlet 'dispatcherServlet'
2025-02-06 21:21:08 [http-nio-8082-exec-1] INFO  o.s.web.servlet.DispatcherServlet -      - [PURCHASE] Completed initialization in 1 ms
2025-02-06 21:21:08 [http-nio-8082-exec-1] INFO  c.d.poc_logging.aspect.LoggingAspect -    4b677ee9-920f-4e4d-8a64-6d491374ad87  - [PURCHASE] Avant l'exécution de la méthode 'logMessage' avec les paramètres: []
2025-02-06 21:21:08 [http-nio-8082-exec-1] TRACE c.d.poc_logging.rest.LoggingRest -    4b677ee9-920f-4e4d-8a64-6d491374ad87  - [PURCHASE] Nouvel achat - Produit: Car, Utilisateur: John
2025-02-06 21:21:08 [http-nio-8082-exec-1] INFO  c.d.poc_logging.aspect.LoggingAspect -    4b677ee9-920f-4e4d-8a64-6d491374ad87  - [PURCHASE] Méthode 'logMessage' exécutée avec succès. Résultat: Log message generated
2025-02-06 22:03:26 [SpringApplicationShutdownHook] INFO  org.quartz.core.QuartzScheduler -      - [PURCHASE] Scheduler quartzScheduler_$_NON_CLUSTERED paused.
2025-02-06 22:03:26 [SpringApplicationShutdownHook] INFO  o.s.b.w.e.tomcat.GracefulShutdown -      - [PURCHASE] Commencing graceful shutdown. Waiting for active requests to complete
2025-02-06 22:03:26 [tomcat-shutdown] INFO  o.s.b.w.e.tomcat.GracefulShutdown -      - [PURCHASE] Graceful shutdown complete
2025-02-06 22:03:26 [SpringApplicationShutdownHook] INFO  o.s.s.quartz.SchedulerFactoryBean -      - [PURCHASE] Shutting down Quartz Scheduler
2025-02-06 22:03:26 [SpringApplicationShutdownHook] INFO  org.quartz.core.QuartzScheduler -      - [PURCHASE] Scheduler quartzScheduler_$_NON_CLUSTERED shutting down.
2025-02-06 22:03:26 [SpringApplicationShutdownHook] INFO  org.quartz.core.QuartzScheduler -      - [PURCHASE] Scheduler quartzScheduler_$_NON_CLUSTERED paused.
2025-02-06 22:03:26 [SpringApplicationShutdownHook] INFO  org.quartz.core.QuartzScheduler -      - [PURCHASE] Scheduler quartzScheduler_$_NON_CLUSTERED shutdown complete.
2025-02-06 22:03:26 [SpringApplicationShutdownHook] INFO  o.s.o.j.LocalContainerEntityManagerFactoryBean -      - [PURCHASE] Closing JPA EntityManagerFactory for persistence unit 'default'
2025-02-06 22:03:48 [http-nio-8082-exec-1] TRACE c.d.poc_logging.rest.LoggingRest -    4c20a668-476e-44e9-9943-a364b9e12618  - [PURCHASE] Nouvel achat - Produit: HGtSt, Utilisateur: sTTIIOuO
2025-02-06 22:06:05 [http-nio-8082-exec-1] TRACE c.d.poc_logging.rest.LoggingRest -a6ce9668-d688-4d2b-9a3a-1ccbcee72d97  - [PURCHASE] Nouvel achat - Produit: vVSqf, Utilisateur: sUnIUwrt
2025-02-06 22:06:32 [http-nio-8082-exec-2] TRACE c.d.poc_logging.rest.LoggingRest -a8b92f4d-e041-40c8-9ee5-4d139484894d  - [PURCHASE] Nouvel achat - Produit: YMtqi, Utilisateur: uScCbzvL
2025-02-06 22:24:07 [http-nio-8082-exec-1] TRACE c.d.poc_logging.rest.LoggingRest -24ad7ac2-f79c-4cc2-abb9-ad9db38ef98d  - [PURCHASE] Nouvel achat - Produit: oOEQr, Utilisateur: zIXLZKhr
2025-02-06 22:24:29 [http-nio-8082-exec-2] TRACE c.d.poc_logging.rest.LoggingRest -9dbd6994-6b9a-49d9-bd8a-b0193efd14fa  - [PURCHASE] Nouvel achat - Produit: LyBrH, Utilisateur: uxKCEFIr
2025-02-06 22:25:56 [http-nio-8082-exec-1] TRACE c.d.poc_logging.rest.LoggingRest -a1344dd5-eaa5-45a6-b4a3-eae3f485c9db  - [PURCHASE] Nouvel achat - Produit: XURKT, Utilisateur: nfrBItGt
2025-02-06 22:31:49 [http-nio-8082-exec-1] TRACE c.d.poc_logging.rest.LoggingRest -a0175a43-9bbc-40a1-9eef-8812445fc443  - [PURCHASE] Nouvel achat - Produit: LEhgB, Utilisateur: SRIRxGsc
2025-02-06 22:38:33 [http-nio-8082-exec-1] TRACE c.d.poc_logging.rest.LoggingRest -caeb5ecb-a837-42c3-b043-7d93ad31a135  - [PURCHASE] Nouvel achat - Produit: FmDdF, Utilisateur: VhZgxUGe
